<?xml version="1.0" encoding="UTF-8"?>
<!-- Generated by org.testng.reporters.JUnitReportReporter -->
<testsuite hostname="VAIO" name="com.crm.qa.testcase.HomePageTest" tests="2" failures="0" timestamp="4 May 2019 17:03:59 GMT" time="75.241" errors="0">
  <testcase name="ContactClick" time="40.727" classname="com.crm.qa.testcase.HomePageTest"/>
  <testcase name="verifyUserTest" time="34.514" classname="com.crm.qa.testcase.HomePageTest"/>
</testsuite> <!-- com.crm.qa.testcase.HomePageTest -->
