<?xml version="1.0" encoding="UTF-8"?>
<!-- Generated by org.testng.reporters.JUnitReportReporter -->
<testsuite hostname="VAIO" name="com.crm.qa.testcase.LoginPageTest" tests="1" failures="0" timestamp="4 May 2019 17:03:59 GMT" time="28.263" errors="0">
  <testcase name="AfterLoginTitleTest" time="28.263" classname="com.crm.qa.testcase.LoginPageTest"/>
</testsuite> <!-- com.crm.qa.testcase.LoginPageTest -->
